08/09/2017 15:46:41 - INFORMATION -Server - Start server
08/09/2017 15:47:08 - INFORMATION -thanh - SignIn successfull
08/09/2017 15:47:23 - WARNING - thanh - Change password illegal
08/09/2017 15:47:31 - INFORMATION -thanh - Change password
08/09/2017 15:48:04 - INFORMATION -thanh - Request logout
08/09/2017 15:48:04 - INFORMATION -thanh - Logout successfull
08/09/2017 16:21:48 - INFORMATION - Server - Start server
08/09/2017 16:22:14 - INFORMATION - thanh - SignIn successfull
08/09/2017 16:22:31 - INFORMATION - thien - SignIn successfull
08/09/2017 16:22:52 - INFORMATION - thien - Request logout
08/09/2017 16:22:52 - INFORMATION - thien - Logout successfull
08/09/2017 16:22:54 - INFORMATION - thanh - Request logout
08/09/2017 16:22:54 - INFORMATION - thanh - Logout successfull
08/09/2017 16:25:34 - INFORMATION - thanh - SignIn successfull
08/09/2017 16:25:37 - INFORMATION - thanh - Request logout
08/09/2017 16:25:37 - INFORMATION - thanh - Logout successfull
08/09/2017 16:25:47 - INFORMATION - Server - Stop server
08/09/2017 19:06:57 - INFORMATION - Server - Start server
08/09/2017 19:08:17 - INFORMATION - thanh - SignIn successfull
08/09/2017 19:08:44 - INFORMATION - thien - SignIn successfull
08/09/2017 19:08:55 - INFORMATION - thanh - Request logout
08/09/2017 19:08:55 - INFORMATION - thanh - Logout successfull
08/09/2017 19:27:43 - INFORMATION - Server - Start server
08/09/2017 19:29:05 - INFORMATION - Server - Stop server
08/09/2017 19:30:38 - INFORMATION - Server - Start server
08/09/2017 19:32:53 - INFORMATION - Server - Start server
08/09/2017 19:33:14 - INFORMATION - thuan - SignIn fail
08/09/2017 19:33:17 - INFORMATION - thuan - SignIn successfull
08/09/2017 19:33:39 - INFORMATION - thanh - SignIn fail
08/09/2017 19:33:42 - INFORMATION - thanh - SignIn successfull
08/09/2017 19:34:53 - INFORMATION - thuan - Request logout
08/09/2017 19:34:53 - INFORMATION - thuan - Logout successfull
08/09/2017 19:37:39 - INFORMATION - tuan - Register successfull
08/09/2017 19:39:15 - WARNING - thanh - Change password illegal
08/09/2017 19:39:23 - INFORMATION - thanh - Change password
08/09/2017 19:41:25 - INFORMATION - thanh - Request logout
08/09/2017 19:41:25 - INFORMATION - thanh - Logout successfull
08/09/2017 19:46:20 - INFORMATION - thang - Register successfull
08/09/2017 19:47:12 - INFORMATION - thang - SignIn successfull
08/09/2017 19:47:16 - INFORMATION - thang - Request logout
08/09/2017 19:47:16 - INFORMATION - thang - Logout successfull
08/09/2017 19:48:46 - INFORMATION - thuan - SignIn successfull
08/09/2017 19:49:06 - INFORMATION - thanh - SignIn successfull
08/09/2017 19:50:44 - INFORMATION - thang - SignIn successfull
08/09/2017 19:57:23 - INFORMATION - Server - Start server
08/09/2017 19:57:39 - INFORMATION - thuan - SignIn successfull
08/09/2017 19:57:58 - INFORMATION - thanh - SignIn fail
08/09/2017 19:58:03 - INFORMATION - thanh - SignIn successfull
08/09/2017 19:59:56 - INFORMATION - thanh - Request logout
08/09/2017 19:59:56 - INFORMATION - thanh - Logout successfull
08/09/2017 22:49:32 - INFORMATION - Server - Start server
08/09/2017 23:12:39 - INFORMATION - thuan - SignIn successfull
08/09/2017 23:12:46 - INFORMATION - thuan - Request logout
08/09/2017 23:12:46 - INFORMATION - thuan - Logout successfull
08/09/2017 23:39:45 - INFORMATION - thuan - SignIn successfull
08/09/2017 23:39:47 - INFORMATION - thuan - Request logout
08/09/2017 23:39:47 - INFORMATION - thuan - Logout successfull
08/09/2017 23:50:39 - INFORMATION - thuan - SignIn successfull
08/09/2017 23:50:41 - INFORMATION - thuan - Request logout
08/09/2017 23:50:41 - INFORMATION - thuan - Logout successfull
08/09/2017 23:51:27 - INFORMATION - thuan - SignIn successfull
08/09/2017 23:51:48 - INFORMATION - thanh - SignIn successfull
08/09/2017 23:52:18 - INFORMATION - thanh - Request logout
08/09/2017 23:52:18 - INFORMATION - thanh - Logout successfull
08/09/2017 23:57:09 - INFORMATION - thuan - Request logout
08/09/2017 23:57:09 - INFORMATION - thuan - Logout successfull
08/09/2017 23:57:39 - INFORMATION - thuan - SignIn successfull
08/09/2017 23:57:55 - INFORMATION - thanh - SignIn successfull
08/09/2017 23:58:01 - INFORMATION - thanh - Request logout
08/09/2017 23:58:01 - INFORMATION - thanh - Logout successfull
08/09/2017 23:58:15 - INFORMATION - thuan - Request logout
08/09/2017 23:58:15 - INFORMATION - thuan - Logout successfull
08/09/2017 23:58:37 - INFORMATION - thuan - SignIn successfull
08/09/2017 23:58:51 - INFORMATION - thanh - SignIn successfull
08/09/2017 23:59:08 - INFORMATION - thanh - Request logout
08/09/2017 23:59:08 - INFORMATION - thanh - Logout successfull
09/09/2017 00:08:27 - INFORMATION - thuan - SignIn successfull
09/09/2017 00:08:44 - INFORMATION - thanh - SignIn successfull
09/09/2017 00:09:13 - INFORMATION - thuan - Request logout
09/09/2017 00:09:13 - INFORMATION - thuan - Logout successfull
09/09/2017 00:09:51 - INFORMATION - thanh - Request logout
09/09/2017 00:09:51 - INFORMATION - thanh - Logout successfull
09/09/2017 00:12:19 - INFORMATION - thuan - SignIn successfull
09/09/2017 00:12:34 - INFORMATION - thanh - SignIn successfull
09/09/2017 00:15:31 - INFORMATION - thanh - Request logout
09/09/2017 00:15:31 - INFORMATION - thanh - Logout successfull
09/09/2017 00:15:50 - INFORMATION - thuan - Request logout
09/09/2017 00:15:50 - INFORMATION - thuan - Logout successfull
09/09/2017 00:18:01 - INFORMATION - thuan - SignIn successfull
09/09/2017 00:18:15 - INFORMATION - thanh - SignIn successfull
09/09/2017 00:23:40 - INFORMATION - thuan - SignIn successfull
09/09/2017 00:23:55 - INFORMATION - thanh - SignIn successfull
09/09/2017 00:26:20 - INFORMATION - Server - Start server
09/09/2017 00:26:34 - INFORMATION - thuan - SignIn successfull
09/09/2017 00:26:52 - INFORMATION - thanh - SignIn successfull
09/09/2017 00:27:40 - INFORMATION - thanh - Request logout
09/09/2017 00:27:40 - INFORMATION - thanh - Logout successfull
09/09/2017 00:27:52 - INFORMATION - thuan - Request logout
09/09/2017 00:27:52 - INFORMATION - thuan - Logout successfull
09/09/2017 00:28:17 - INFORMATION - thuan - SignIn successfull
09/09/2017 00:28:34 - INFORMATION - thanh - SignIn successfull
09/09/2017 00:29:36 - INFORMATION - thuan - Request logout
09/09/2017 00:29:36 - INFORMATION - thuan - Logout successfull
09/09/2017 00:30:11 - INFORMATION - thanh - Request logout
09/09/2017 00:30:11 - INFORMATION - thanh - Logout successfull
09/09/2017 00:44:33 - INFORMATION - Server - Start server
09/09/2017 00:44:52 - INFORMATION - thuan - SignIn successfull
09/09/2017 00:45:10 - INFORMATION - thanh - SignIn successfull
09/09/2017 00:45:48 - INFORMATION - thuan - Request logout
09/09/2017 00:45:48 - INFORMATION - thuan - Logout successfull
09/09/2017 00:45:58 - INFORMATION - thanh - Request logout
09/09/2017 00:45:58 - INFORMATION - thanh - Logout successfull
09/09/2017 00:46:22 - INFORMATION - thuan - SignIn successfull
09/09/2017 00:46:24 - INFORMATION - thuan - Request logout
09/09/2017 00:46:24 - INFORMATION - thuan - Logout successfull
09/09/2017 00:51:21 - INFORMATION - thuan - SignIn successfull
09/09/2017 00:51:23 - INFORMATION - thuan - Request logout
09/09/2017 00:51:23 - INFORMATION - thuan - Logout successfull
09/09/2017 00:52:13 - INFORMATION - thuan - SignIn successfull
09/09/2017 00:52:16 - INFORMATION - thuan - Request logout
09/09/2017 00:52:16 - INFORMATION - thuan - Logout successfull
09/09/2017 00:59:28 - INFORMATION - thuan - SignIn successfull
09/09/2017 00:59:30 - INFORMATION - thuan - Request logout
09/09/2017 00:59:30 - INFORMATION - thuan - Logout successfull
09/09/2017 01:04:29 - INFORMATION - Server - Start server
09/09/2017 01:05:21 - INFORMATION - thuan - SignIn successfull
09/09/2017 01:05:23 - INFORMATION - thuan - Request logout
09/09/2017 01:05:23 - INFORMATION - thuan - Logout successfull
09/09/2017 01:05:44 - INFORMATION - thuan - SignIn successfull
09/09/2017 01:05:46 - INFORMATION - thuan - Request logout
09/09/2017 01:05:46 - INFORMATION - thuan - Logout successfull
09/09/2017 01:07:50 - INFORMATION - Server - Start server
09/09/2017 01:08:07 - INFORMATION - thuan - SignIn successfull
09/09/2017 01:08:08 - INFORMATION - thuan - Request logout
09/09/2017 01:08:08 - INFORMATION - thuan - Logout successfull
09/09/2017 01:08:36 - INFORMATION - thuan - SignIn successfull
09/09/2017 01:08:37 - INFORMATION - thuan - Request logout
09/09/2017 01:08:37 - INFORMATION - thuan - Logout successfull
09/09/2017 01:08:44 - INFORMATION - thuan - SignIn successfull
09/09/2017 01:08:54 - INFORMATION - thuan - SignIn successfull
09/09/2017 01:09:08 - INFORMATION - thuan - Request logout
09/09/2017 01:09:08 - INFORMATION - thuan - Logout successfull
09/09/2017 01:09:13 - INFORMATION - thuan - SignIn successfull
09/09/2017 01:09:17 - INFORMATION - thuan - SignIn successfull
09/09/2017 01:09:19 - INFORMATION - thuan - SignIn successfull
09/09/2017 01:09:37 - INFORMATION - thuan - Request logout
09/09/2017 01:09:37 - INFORMATION - thuan - Logout successfull
09/09/2017 01:12:36 - INFORMATION - Server - Start server
09/09/2017 01:12:55 - INFORMATION - thuan - SignIn successfull
09/09/2017 01:12:58 - INFORMATION - thuan - Request logout
09/09/2017 01:12:58 - INFORMATION - thuan - Logout successfull
09/09/2017 01:13:14 - INFORMATION - thuan - SignIn successfull
09/09/2017 01:13:16 - INFORMATION - thuan - Request logout
09/09/2017 01:13:16 - INFORMATION - thuan - Logout successfull
09/09/2017 01:25:16 - INFORMATION - Server - Start server
09/09/2017 01:25:28 - INFORMATION - thuan - SignIn successfull
09/09/2017 01:25:30 - INFORMATION - thuan - Request logout
09/09/2017 01:25:30 - INFORMATION - thuan - Logout successfull
09/09/2017 01:25:57 - INFORMATION - thuan - SignIn successfull
09/09/2017 01:25:59 - INFORMATION - thuan - Request logout
09/09/2017 01:25:59 - INFORMATION - thuan - Logout successfull
09/09/2017 01:26:04 - INFORMATION - thuan - SignIn successfull
09/09/2017 01:26:13 - INFORMATION - thuan - SignIn successfull
09/09/2017 01:26:15 - INFORMATION - thuan - Request logout
09/09/2017 01:26:15 - INFORMATION - thuan - Logout successfull
09/09/2017 01:26:20 - INFORMATION - thuan - SignIn successfull
09/09/2017 01:26:21 - INFORMATION - thuan - SignIn successfull
09/09/2017 01:26:22 - INFORMATION - thuan - SignIn successfull
09/09/2017 01:26:26 - INFORMATION - thuan - Request logout
09/09/2017 01:26:26 - INFORMATION - thuan - Logout successfull
09/09/2017 01:26:32 - INFORMATION - thuan - SignIn successfull
09/09/2017 01:26:34 - INFORMATION - thuan - SignIn successfull
09/09/2017 01:26:35 - INFORMATION - thuan - SignIn successfull
09/09/2017 01:26:36 - INFORMATION - thuan - SignIn successfull
09/09/2017 01:26:38 - INFORMATION - thuan - SignIn successfull
09/09/2017 01:26:39 - INFORMATION - thuan - Request logout
09/09/2017 01:26:39 - INFORMATION - thuan - Logout successfull
09/09/2017 01:31:58 - INFORMATION - thuan - SignIn fail
09/09/2017 01:32:05 - INFORMATION - thuan - SignIn successfull
09/09/2017 01:32:10 - INFORMATION - thuan - SignIn successfull
09/09/2017 01:32:13 - INFORMATION - thuan - SignIn successfull
09/09/2017 01:32:16 - INFORMATION - thuan - SignIn successfull
09/09/2017 01:32:18 - INFORMATION - thuan - SignIn successfull
09/09/2017 01:32:20 - INFORMATION - thuan - SignIn successfull
09/09/2017 01:32:21 - INFORMATION - thuan - SignIn successfull
09/09/2017 01:32:22 - INFORMATION - thuan - SignIn successfull
09/09/2017 01:32:24 - INFORMATION - thuan - SignIn successfull
09/09/2017 01:32:25 - INFORMATION - thuan - SignIn successfull
09/09/2017 01:32:27 - INFORMATION - thuan - SignIn successfull
09/09/2017 01:32:29 - INFORMATION - thuan - SignIn successfull
09/09/2017 01:32:30 - INFORMATION - thuan - SignIn successfull
09/09/2017 01:32:32 - INFORMATION - thuan - SignIn successfull
09/09/2017 01:32:33 - INFORMATION - thuan - SignIn successfull
09/09/2017 01:32:35 - INFORMATION - thuan - SignIn successfull
09/09/2017 01:32:36 - INFORMATION - thuan - SignIn successfull
09/09/2017 01:32:37 - INFORMATION - thuan - SignIn successfull
09/09/2017 01:32:38 - INFORMATION - thuan - SignIn successfull
09/09/2017 01:32:40 - INFORMATION - thuan - SignIn successfull
09/09/2017 01:32:41 - INFORMATION - thuan - SignIn successfull
09/09/2017 01:32:43 - INFORMATION - thuan - SignIn successfull
09/09/2017 01:32:44 - INFORMATION - thuan - SignIn successfull
09/09/2017 01:32:45 - INFORMATION - thuan - SignIn successfull
09/09/2017 01:32:46 - INFORMATION - thuan - SignIn successfull
09/09/2017 01:32:48 - INFORMATION - thuan - SignIn successfull
09/09/2017 01:32:49 - INFORMATION - thuan - SignIn successfull
09/09/2017 01:32:52 - INFORMATION - thuan - SignIn successfull
09/09/2017 01:32:54 - INFORMATION - thuan - SignIn successfull
09/09/2017 01:32:55 - INFORMATION - thuan - SignIn successfull
09/09/2017 01:32:56 - INFORMATION - thuan - SignIn successfull
09/09/2017 01:33:01 - INFORMATION - thuan - SignIn fail
09/09/2017 01:38:28 - INFORMATION - Server - Start server
09/09/2017 01:38:46 - INFORMATION - thuan - SignIn successfull
09/09/2017 01:40:39 - INFORMATION - Server - Start server
09/09/2017 01:40:54 - INFORMATION - thuan - SignIn successfull
09/09/2017 01:40:56 - INFORMATION - thuan - Request logout
09/09/2017 01:40:56 - INFORMATION - thuan - Logout successfull
09/09/2017 01:44:21 - INFORMATION - thuan - SignIn successfull
09/09/2017 01:44:24 - INFORMATION - thuan - Request logout
09/09/2017 01:44:24 - INFORMATION - thuan - Logout successfull
09/09/2017 01:50:03 - INFORMATION - Server - Start server
09/09/2017 01:50:21 - INFORMATION - thuan - SignIn successfull
09/09/2017 01:50:22 - INFORMATION - thuan - Request logout
09/09/2017 01:50:22 - INFORMATION - thuan - Logout successfull
09/09/2017 01:53:02 - INFORMATION - Server - Start server
09/09/2017 01:53:19 - INFORMATION - thuan - SignIn successfull
09/09/2017 01:53:21 - INFORMATION - thuan - Request logout
09/09/2017 01:53:21 - INFORMATION - thuan - Logout successfull
09/09/2017 01:55:23 - INFORMATION - Server - Start server
09/09/2017 01:55:40 - INFORMATION - thuan - SignIn successfull
09/09/2017 01:56:41 - INFORMATION - thuan - Request logout
09/09/2017 01:56:41 - INFORMATION - thuan - Logout successfull
09/09/2017 01:57:27 - INFORMATION - thuan - SignIn successfull
09/09/2017 01:57:29 - INFORMATION - thuan - Request logout
09/09/2017 01:57:29 - INFORMATION - thuan - Logout successfull
09/09/2017 01:57:33 - INFORMATION - thuan - SignIn successfull
09/09/2017 01:57:35 - INFORMATION - thuan - SignIn successfull
09/09/2017 01:57:37 - INFORMATION - thuan - Request logout
09/09/2017 01:57:37 - INFORMATION - thuan - Logout successfull
09/09/2017 02:00:24 - INFORMATION - Server - Start server
09/09/2017 02:00:46 - INFORMATION - thuan - SignIn successfull
09/09/2017 02:00:49 - INFORMATION - thuan - Request logout
09/09/2017 02:00:49 - INFORMATION - thuan - Logout successfull
09/09/2017 02:01:28 - INFORMATION - thuan - SignIn successfull
09/09/2017 02:01:31 - INFORMATION - thuan - Request logout
09/09/2017 02:01:31 - INFORMATION - thuan - Logout successfull
09/09/2017 02:01:38 - INFORMATION - thuan - SignIn successfull
09/09/2017 02:01:54 - INFORMATION - thanh - SignIn successfull
09/09/2017 02:02:23 - INFORMATION - thanh - Request logout
09/09/2017 02:02:23 - INFORMATION - thanh - Logout successfull
09/09/2017 02:02:53 - INFORMATION - thuan - Change password
09/09/2017 02:02:58 - INFORMATION - thuan - Request logout
09/09/2017 02:02:58 - INFORMATION - thuan - Logout successfull
09/09/2017 02:03:03 - INFORMATION - thuan - SignIn successfull
09/09/2017 02:03:06 - INFORMATION - thuan - Request logout
09/09/2017 02:03:06 - INFORMATION - thuan - Logout successfull
09/09/2017 02:03:11 - INFORMATION - thuan - SignIn successfull
09/09/2017 02:03:12 - INFORMATION - thuan - Request logout
09/09/2017 02:03:12 - INFORMATION - thuan - Logout successfull
09/09/2017 02:03:17 - INFORMATION - thuan - SignIn fail
09/09/2017 02:03:20 - INFORMATION - thuan - SignIn successfull
09/09/2017 02:03:39 - INFORMATION - thanh - SignIn successfull
09/09/2017 02:04:26 - INFORMATION - thanh - Request logout
09/09/2017 02:04:26 - INFORMATION - thanh - Logout successfull
09/09/2017 02:04:31 - INFORMATION - thuan - Request logout
09/09/2017 02:04:31 - INFORMATION - thuan - Logout successfull
09/09/2017 02:20:03 - INFORMATION - Server - Start server
09/09/2017 02:20:18 - INFORMATION - thuan - SignIn fail
09/09/2017 02:20:21 - INFORMATION - thuan - SignIn successfull
09/09/2017 02:20:36 - INFORMATION - thanh - SignIn successfull
09/09/2017 02:24:48 - INFORMATION - Server - Start server
09/09/2017 02:25:05 - INFORMATION - thuan - SignIn successfull
09/09/2017 02:26:07 - INFORMATION - thuan - SignIn successfull
09/09/2017 02:26:28 - INFORMATION - thuan - Request logout
09/09/2017 02:26:28 - INFORMATION - thuan - Logout successfull
09/09/2017 02:26:34 - INFORMATION - thuan - SignIn successfull
09/09/2017 02:26:36 - INFORMATION - thuan - Request logout
09/09/2017 02:26:36 - INFORMATION - thuan - Logout successfull
09/09/2017 02:26:51 - INFORMATION - Server - Stop server
09/09/2017 02:37:49 - INFORMATION - Server - Start server
09/09/2017 02:38:14 - INFORMATION - thuan - SignIn successfull
09/09/2017 02:38:30 - INFORMATION - thanh - SignIn successfull
09/09/2017 02:41:54 - INFORMATION - thuan - SignIn successfull
09/09/2017 02:42:09 - INFORMATION - thanh - SignIn successfull
09/09/2017 02:45:50 - INFORMATION - thuan - SignIn successfull
09/09/2017 02:46:01 - INFORMATION - thanh - SignIn successfull
09/09/2017 02:47:22 - INFORMATION - thuan - SignIn successfull
09/09/2017 02:47:35 - INFORMATION - thanh - SignIn successfull
09/09/2017 02:47:55 - INFORMATION - thanh - Request logout
09/09/2017 02:47:55 - INFORMATION - thanh - Logout successfull
09/09/2017 02:48:01 - INFORMATION - thuan - Request logout
09/09/2017 02:48:01 - INFORMATION - thuan - Logout successfull
09/09/2017 02:49:08 - INFORMATION - thuan - SignIn successfull
09/09/2017 02:49:24 - INFORMATION - thanh - SignIn successfull
09/09/2017 02:50:56 - INFORMATION - thanh - Request logout
09/09/2017 02:50:56 - INFORMATION - thanh - Logout successfull
09/09/2017 02:51:00 - INFORMATION - thuan - Request logout
09/09/2017 02:51:00 - INFORMATION - thuan - Logout successfull
09/09/2017 03:13:06 - INFORMATION - thuan - SignIn successfull
09/09/2017 03:13:18 - INFORMATION - thanh - SignIn successfull
09/09/2017 03:13:36 - INFORMATION - thanh - Request logout
09/09/2017 03:13:36 - INFORMATION - thanh - Logout successfull
09/09/2017 03:13:41 - INFORMATION - thuan - Request logout
09/09/2017 03:13:41 - INFORMATION - thuan - Logout successfull
09/09/2017 03:16:11 - INFORMATION - thuan - SignIn successfull
09/09/2017 03:16:23 - INFORMATION - thanh - SignIn successfull
09/09/2017 03:17:24 - INFORMATION - thanh - Request logout
09/09/2017 03:17:24 - INFORMATION - thanh - Logout successfull
09/09/2017 03:17:26 - INFORMATION - thuan - Request logout
09/09/2017 03:17:26 - INFORMATION - thuan - Logout successfull
09/09/2017 03:21:21 - INFORMATION - thuan - SignIn successfull
09/09/2017 03:21:33 - INFORMATION - thanh - SignIn successfull
09/09/2017 03:22:16 - INFORMATION - thuan - Change password
09/09/2017 03:22:20 - INFORMATION - thuan - Request logout
09/09/2017 03:22:20 - INFORMATION - thuan - Logout successfull
09/09/2017 03:22:23 - INFORMATION - thanh - Request logout
09/09/2017 03:22:24 - INFORMATION - thanh - Logout successfull
09/09/2017 03:27:20 - INFORMATION - thuan - SignIn successfull
09/09/2017 03:27:34 - INFORMATION - thanh - SignIn successfull
09/09/2017 03:34:19 - INFORMATION - thuan - SignIn successfull
09/09/2017 03:37:33 - INFORMATION - thuan - SignIn successfull
09/09/2017 03:37:52 - INFORMATION - thuan - Request logout
09/09/2017 03:37:52 - INFORMATION - thuan - Logout successfull
09/09/2017 03:42:47 - INFORMATION - thuan - SignIn successfull
09/09/2017 03:43:43 - INFORMATION - thuan - Request logout
09/09/2017 03:43:43 - INFORMATION - thuan - Logout successfull
09/09/2017 03:48:43 - INFORMATION - thuan - SignIn successfull
09/09/2017 03:50:09 - INFORMATION - thuan - Request logout
09/09/2017 03:50:09 - INFORMATION - thuan - Logout successfull
09/09/2017 03:50:29 - INFORMATION - thuan - SignIn successfull
09/09/2017 03:52:05 - INFORMATION - thuan - Request logout
09/09/2017 03:52:05 - INFORMATION - thuan - Logout successfull
09/09/2017 03:52:22 - INFORMATION - thuan - SignIn successfull
09/09/2017 03:53:43 - INFORMATION - thuan - Request logout
09/09/2017 03:53:43 - INFORMATION - thuan - Logout successfull
09/09/2017 03:55:31 - INFORMATION - thuan - SignIn successfull
09/09/2017 04:04:27 - INFORMATION - thuan - SignIn successfull
09/09/2017 04:05:02 - INFORMATION - thuan - Request logout
09/09/2017 04:05:02 - INFORMATION - thuan - Logout successfull
09/09/2017 04:11:21 - INFORMATION - thuan - SignIn successfull
09/09/2017 04:11:33 - INFORMATION - thuan - Request logout
09/09/2017 04:11:33 - INFORMATION - thuan - Logout successfull
09/09/2017 04:12:18 - INFORMATION - thuan - SignIn successfull
09/09/2017 04:12:33 - INFORMATION - thuan - Request logout
09/09/2017 04:12:33 - INFORMATION - thuan - Logout successfull
09/09/2017 04:15:04 - INFORMATION - thuan - SignIn successfull
09/09/2017 04:16:17 - INFORMATION - thuan - Request logout
09/09/2017 04:16:17 - INFORMATION - thuan - Logout successfull
09/09/2017 04:16:32 - INFORMATION - thuan - SignIn successfull
09/09/2017 04:16:45 - INFORMATION - thuan - Request logout
09/09/2017 04:16:45 - INFORMATION - thuan - Logout successfull
09/09/2017 04:17:15 - INFORMATION - thuan - SignIn successfull
09/09/2017 04:18:24 - INFORMATION - thuan - Request logout
09/09/2017 04:18:24 - INFORMATION - thuan - Logout successfull
09/09/2017 04:18:43 - INFORMATION - thuan - SignIn successfull
09/09/2017 04:19:31 - INFORMATION - thuan - Request logout
09/09/2017 04:19:31 - INFORMATION - thuan - Logout successfull
09/09/2017 04:21:25 - INFORMATION - thuan - SignIn successfull
09/09/2017 04:23:06 - INFORMATION - thuan - Request logout
09/09/2017 04:23:06 - INFORMATION - thuan - Logout successfull
09/09/2017 04:23:25 - INFORMATION - thuan - SignIn successfull
09/09/2017 04:24:37 - INFORMATION - thuan - Request logout
09/09/2017 04:24:37 - INFORMATION - thuan - Logout successfull
09/09/2017 04:24:51 - INFORMATION - thuan - SignIn successfull
09/09/2017 04:25:08 - INFORMATION - thuan - Request logout
09/09/2017 04:25:08 - INFORMATION - thuan - Logout successfull
09/09/2017 04:25:35 - INFORMATION - thuan - SignIn successfull
09/09/2017 04:28:04 - INFORMATION - thuan - Request logout
09/09/2017 04:28:04 - INFORMATION - thuan - Logout successfull
09/09/2017 04:31:02 - INFORMATION - thuan - SignIn successfull
09/09/2017 04:31:18 - INFORMATION - thanh - SignIn successfull
09/09/2017 04:32:08 - INFORMATION - thanh - Request logout
09/09/2017 04:32:08 - INFORMATION - thanh - Logout successfull
09/09/2017 04:32:12 - INFORMATION - thuan - Request logout
09/09/2017 04:32:12 - INFORMATION - thuan - Logout successfull
09/09/2017 04:32:55 - INFORMATION - thuan - SignIn successfull
09/09/2017 04:33:06 - INFORMATION - thanh - SignIn successfull
09/09/2017 04:34:14 - INFORMATION - thanh - Request logout
09/09/2017 04:34:14 - INFORMATION - thanh - Logout successfull
09/09/2017 04:34:19 - INFORMATION - thuan - Request logout
09/09/2017 04:34:19 - INFORMATION - thuan - Logout successfull
09/09/2017 04:36:17 - INFORMATION - thuan - SignIn successfull
09/09/2017 04:36:32 - INFORMATION - thanh - SignIn successfull
09/09/2017 04:37:21 - INFORMATION - thanh - Request logout
09/09/2017 04:37:21 - INFORMATION - thanh - Logout successfull
09/09/2017 04:37:25 - INFORMATION - thuan - Request logout
09/09/2017 04:37:25 - INFORMATION - thuan - Logout successfull
09/09/2017 04:38:08 - INFORMATION - thuan - SignIn successfull
09/09/2017 04:38:19 - INFORMATION - thanh - SignIn successfull
09/09/2017 04:39:53 - INFORMATION - thanh - Request logout
09/09/2017 04:39:53 - INFORMATION - thanh - Logout successfull
09/09/2017 04:39:57 - INFORMATION - thuan - Request logout
09/09/2017 04:39:57 - INFORMATION - thuan - Logout successfull
09/09/2017 04:40:09 - INFORMATION - thuan - SignIn successfull
09/09/2017 04:40:20 - INFORMATION - thanh - SignIn successfull
09/09/2017 04:42:52 - INFORMATION - thanh - Request logout
09/09/2017 04:42:52 - INFORMATION - thanh - Logout successfull
09/09/2017 04:42:56 - INFORMATION - thuan - Request logout
09/09/2017 04:42:56 - INFORMATION - thuan - Logout successfull
09/09/2017 04:43:29 - INFORMATION - thuan - SignIn successfull
09/09/2017 04:43:41 - INFORMATION - thanh - SignIn successfull
09/09/2017 04:45:59 - INFORMATION - thanh - Request logout
09/09/2017 04:45:59 - INFORMATION - thanh - Logout successfull
09/09/2017 04:46:09 - INFORMATION - thuan - Request logout
09/09/2017 04:46:09 - INFORMATION - thuan - Logout successfull
09/09/2017 04:46:27 - INFORMATION - thuan - SignIn successfull
09/09/2017 04:46:38 - INFORMATION - thanh - SignIn successfull
09/09/2017 04:48:41 - INFORMATION - thanh - Request logout
09/09/2017 04:48:41 - INFORMATION - thanh - Logout successfull
09/09/2017 04:48:45 - INFORMATION - thuan - Request logout
09/09/2017 04:48:45 - INFORMATION - thuan - Logout successfull
09/09/2017 04:48:57 - INFORMATION - thuan - SignIn successfull
09/09/2017 04:49:13 - INFORMATION - thanh - SignIn successfull
09/09/2017 04:50:50 - INFORMATION - thanh - Request logout
09/09/2017 04:50:50 - INFORMATION - thanh - Logout successfull
09/09/2017 04:50:55 - INFORMATION - thuan - Request logout
09/09/2017 04:50:55 - INFORMATION - thuan - Logout successfull
09/09/2017 04:53:41 - INFORMATION - thuan - SignIn successfull
09/09/2017 04:53:55 - INFORMATION - thanh - SignIn successfull
09/09/2017 04:55:25 - INFORMATION - thien - SignIn successfull
09/09/2017 04:57:06 - INFORMATION - thanh - Request logout
09/09/2017 04:57:06 - INFORMATION - thanh - Logout successfull
09/09/2017 04:57:09 - INFORMATION - thien - Request logout
09/09/2017 04:57:09 - INFORMATION - thien - Logout successfull
09/09/2017 04:57:16 - INFORMATION - thuan - Request logout
09/09/2017 04:57:16 - INFORMATION - thuan - Logout successfull
09/09/2017 05:11:40 - INFORMATION - Server - Stop server
09/09/2017 15:03:39 - INFORMATION - Server - Start server
09/09/2017 15:04:34 - INFORMATION - thanh - SignIn successfull
09/09/2017 15:04:55 - INFORMATION - thuan - SignIn successfull
09/09/2017 15:08:19 - INFORMATION - thuan - Request logout
09/09/2017 15:08:19 - INFORMATION - thuan - Logout successfull
09/09/2017 15:08:45 - INFORMATION - thuan - SignIn successfull
09/09/2017 15:12:07 - INFORMATION - thanh - SignIn successfull
09/09/2017 15:34:40 - INFORMATION - thuan - Request logout
09/09/2017 15:34:40 - INFORMATION - thuan - Logout successfull
09/09/2017 15:54:17 - INFORMATION - Server - Start server
09/09/2017 15:55:01 - INFORMATION - thuan - SignIn successfull
09/09/2017 15:55:19 - INFORMATION - thuan - Request logout
09/09/2017 15:55:19 - INFORMATION - thuan - Logout successfull
09/09/2017 16:19:18 - INFORMATION - Server - Start server
09/09/2017 16:19:35 - INFORMATION - thuan - SignIn successfull
09/09/2017 16:19:37 - INFORMATION - thuan - Request logout
09/09/2017 16:19:37 - INFORMATION - thuan - Logout successfull
09/09/2017 16:22:57 - INFORMATION - thuan - SignIn successfull
09/09/2017 16:22:59 - INFORMATION - thuan - Request logout
09/09/2017 16:22:59 - INFORMATION - thuan - Logout successfull
09/09/2017 16:23:14 - INFORMATION - thuan - SignIn successfull
09/09/2017 16:23:26 - INFORMATION - thuan - Request logout
09/09/2017 16:23:26 - INFORMATION - thuan - Logout successfull
09/09/2017 16:23:55 - INFORMATION - thuan - SignIn successfull
09/09/2017 16:23:59 - INFORMATION - thuan - Request logout
09/09/2017 16:23:59 - INFORMATION - thuan - Logout successfull
09/09/2017 16:26:16 - INFORMATION - thuan - SignIn successfull
09/09/2017 16:26:35 - INFORMATION - thanh - SignIn successfull
09/09/2017 16:29:26 - INFORMATION - thuan - Request logout
09/09/2017 16:29:26 - INFORMATION - thuan - Logout successfull
09/09/2017 16:29:28 - INFORMATION - thanh - Request logout
09/09/2017 16:29:28 - INFORMATION - thanh - Logout successfull
09/09/2017 16:46:03 - INFORMATION - thuan - SignIn successfull
09/09/2017 16:46:32 - INFORMATION - thanh - SignIn successfull
09/09/2017 16:48:15 - INFORMATION - thanh - Request logout
09/09/2017 16:48:15 - INFORMATION - thanh - Logout successfull
09/09/2017 16:48:21 - INFORMATION - thuan - Request logout
09/09/2017 16:48:21 - INFORMATION - thuan - Logout successfull
09/09/2017 16:48:39 - INFORMATION - thuan - SignIn successfull
09/09/2017 16:48:56 - INFORMATION - thanh - SignIn successfull
09/09/2017 16:50:59 - INFORMATION - thanh - Request logout
09/09/2017 16:50:59 - INFORMATION - thanh - Logout successfull
09/09/2017 16:51:01 - INFORMATION - thuan - Request logout
09/09/2017 16:51:01 - INFORMATION - thuan - Logout successfull
09/09/2017 16:56:12 - INFORMATION - thuan - SignIn successfull
09/09/2017 16:56:23 - INFORMATION - thanh - SignIn successfull
09/09/2017 16:56:46 - INFORMATION - thuan - Request logout
09/09/2017 16:56:46 - INFORMATION - thuan - Logout successfull
09/09/2017 16:56:46 - INFORMATION - thanh - Request logout
09/09/2017 16:56:46 - INFORMATION - thanh - Logout successfull
09/09/2017 17:07:42 - INFORMATION - thuan - SignIn successfull
09/09/2017 17:08:00 - INFORMATION - thanh - SignIn successfull
09/09/2017 17:08:06 - INFORMATION - thanh - Request logout
09/09/2017 17:08:06 - INFORMATION - thanh - Logout successfull
09/09/2017 17:08:11 - INFORMATION - thuan - Request logout
09/09/2017 17:08:11 - INFORMATION - thuan - Logout successfull
09/09/2017 17:11:27 - INFORMATION - thuan - SignIn successfull
09/09/2017 17:11:42 - INFORMATION - thanh - SignIn successfull
09/09/2017 17:13:42 - INFORMATION - thuan - Request logout
09/09/2017 17:13:42 - INFORMATION - thuan - Logout successfull
09/09/2017 17:13:44 - INFORMATION - thanh - Request logout
09/09/2017 17:13:44 - INFORMATION - thanh - Logout successfull
09/09/2017 17:54:12 - INFORMATION - thuan - SignIn successfull
09/09/2017 17:54:28 - INFORMATION - thanh - SignIn successfull
09/09/2017 17:54:39 - INFORMATION - thien - SignIn successfull
09/09/2017 18:01:26 - INFORMATION - thien - Request logout
09/09/2017 18:01:26 - INFORMATION - thien - Logout successfull
09/09/2017 18:01:40 - INFORMATION - thuan - Request logout
09/09/2017 18:01:40 - INFORMATION - thuan - Logout successfull
09/09/2017 18:04:56 - INFORMATION - Server - Start server
09/09/2017 18:05:18 - INFORMATION - thuan - SignIn successfull
09/09/2017 18:05:31 - INFORMATION - thanh - SignIn successfull
09/09/2017 18:05:41 - INFORMATION - thien - SignIn successfull
09/09/2017 18:06:58 - INFORMATION - thien - Request logout
09/09/2017 18:06:58 - INFORMATION - thien - Logout successfull
09/09/2017 18:07:00 - INFORMATION - thuan - Request logout
09/09/2017 18:07:00 - INFORMATION - thuan - Logout successfull
09/09/2017 18:07:07 - INFORMATION - thanh - Request logout
09/09/2017 18:07:07 - INFORMATION - thanh - Logout successfull
09/09/2017 18:08:44 - INFORMATION - Server - Start server
09/09/2017 18:09:03 - INFORMATION - thuan - SignIn successfull
09/09/2017 18:09:15 - INFORMATION - thanh - SignIn successfull
09/09/2017 18:09:27 - INFORMATION - thien - SignIn successfull
09/09/2017 18:10:14 - INFORMATION - thien - Request logout
09/09/2017 18:10:14 - INFORMATION - thien - Logout successfull
09/09/2017 18:10:25 - INFORMATION - thuan - Request logout
09/09/2017 18:10:25 - INFORMATION - thuan - Logout successfull
09/09/2017 18:10:27 - INFORMATION - thanh - Request logout
09/09/2017 18:10:27 - INFORMATION - thanh - Logout successfull
09/09/2017 18:10:35 - INFORMATION - Server - Stop server
09/09/2017 22:42:56 - INFORMATION - Server - Start server
09/09/2017 22:43:19 - INFORMATION - thuan - SignIn successfull
09/09/2017 22:43:31 - INFORMATION -  - SignIn fail
09/09/2017 22:43:38 - INFORMATION - thanh - SignIn successfull
09/09/2017 22:45:44 - INFORMATION - thanh - Request logout
09/09/2017 22:45:44 - INFORMATION - thanh - Logout successfull
09/09/2017 22:45:46 - INFORMATION - thuan - Request logout
09/09/2017 22:45:46 - INFORMATION - thuan - Logout successfull
09/09/2017 23:16:20 - INFORMATION - Server - Start server
09/09/2017 23:16:33 - INFORMATION - thuan - SignIn successfull
09/09/2017 23:16:45 - INFORMATION - thanh - SignIn successfull
09/09/2017 23:17:30 - INFORMATION - thanh - Request logout
09/09/2017 23:17:30 - INFORMATION - thanh - Logout successfull
09/09/2017 23:17:37 - ERORR - service thanh - null
09/09/2017 23:17:45 - INFORMATION - thuan - Request logout
09/09/2017 23:17:45 - INFORMATION - thuan - Logout successfull
09/09/2017 23:17:47 - ERORR - service thuan - Connection reset
10/09/2017 00:46:37 - INFORMATION - Server - Start server
10/09/2017 00:46:50 - INFORMATION - thuan - SignIn successfull
10/09/2017 00:47:00 - INFORMATION - thuan - Change password
10/09/2017 00:47:03 - INFORMATION - thuan - Request logout
10/09/2017 00:47:03 - INFORMATION - thuan - Logout successfull
10/09/2017 00:47:07 - INFORMATION - thuan - SignIn successfull
10/09/2017 00:47:10 - INFORMATION - thuan - Request logout
10/09/2017 00:47:10 - INFORMATION - thuan - Logout successfull
10/09/2017 00:47:38 - INFORMATION - toan - Register successfull
10/09/2017 00:47:47 - INFORMATION - toan - SignIn fail
10/09/2017 00:47:50 - INFORMATION - toan - SignIn successfull
10/09/2017 00:48:02 - INFORMATION - thuan - SignIn fail
10/09/2017 00:48:05 - INFORMATION - thuan - SignIn successfull
10/09/2017 00:48:47 - INFORMATION - thuan - Request logout
10/09/2017 00:48:47 - INFORMATION - thuan - Logout successfull
10/09/2017 00:48:49 - ERORR - service thuan - null
10/09/2017 00:48:51 - INFORMATION - toan - Request logout
10/09/2017 00:48:51 - INFORMATION - toan - Logout successfull
10/09/2017 00:48:53 - ERORR - service toan - null
10/09/2017 02:12:28 - INFORMATION - Server - Start server
10/09/2017 02:12:46 - INFORMATION - thuan - SignIn fail
10/09/2017 02:12:49 - INFORMATION - thuan - SignIn successfull
10/09/2017 02:13:03 - INFORMATION - thanh - SignIn successfull
10/09/2017 02:16:11 - INFORMATION - thanh - Request logout
10/09/2017 02:16:11 - INFORMATION - thanh - Logout successfull
10/09/2017 02:16:13 - ERORR - service thanh - null
10/09/2017 02:16:15 - INFORMATION - thuan - Request logout
10/09/2017 02:16:15 - INFORMATION - thuan - Logout successfull
10/09/2017 02:16:16 - ERORR - service thuan - null
10/09/2017 02:22:09 - INFORMATION - Server - Start server
10/09/2017 02:22:27 - INFORMATION - thuan - SignIn fail
10/09/2017 02:22:29 - INFORMATION - thuan - SignIn successfull
10/09/2017 02:22:43 - INFORMATION - thanh - SignIn successfull
10/09/2017 02:24:33 - INFORMATION - thanh - Request logout
10/09/2017 02:24:33 - INFORMATION - thanh - Logout successfull
10/09/2017 02:24:35 - ERORR - service thanh - null
10/09/2017 02:24:37 - INFORMATION - thuan - Request logout
10/09/2017 02:24:37 - INFORMATION - thuan - Logout successfull
10/09/2017 02:24:38 - ERORR - service thuan - null
10/09/2017 02:42:34 - INFORMATION - Server - Start server
10/09/2017 02:42:58 - INFORMATION - thuan - SignIn fail
10/09/2017 02:43:02 - INFORMATION - thuan - SignIn successfull
10/09/2017 02:43:17 - INFORMATION - thanh - SignIn successfull
10/09/2017 02:48:07 - INFORMATION - thanh - Request logout
10/09/2017 02:48:07 - INFORMATION - thanh - Logout successfull
10/09/2017 02:48:08 - ERORR - service thanh - null
10/09/2017 02:48:11 - INFORMATION - thuan - Request logout
10/09/2017 02:48:11 - INFORMATION - thuan - Logout successfull
10/09/2017 02:48:12 - ERORR - service thuan - null
10/09/2017 03:26:04 - INFORMATION - Server - Start server
10/09/2017 03:26:26 - INFORMATION - thuan - SignIn successfull
10/09/2017 03:26:43 - INFORMATION - thanh - SignIn successfull
10/09/2017 03:31:42 - ERORR - service thuan - Connection reset
10/09/2017 03:31:44 - ERORR - service thanh - Connection reset
10/09/2017 03:31:47 - ERORR - service thuan - Connection reset by peer: socket write error
10/09/2017 03:31:49 - ERORR - service thanh - Connection reset by peer: socket write error
10/09/2017 03:33:18 - INFORMATION - Server - Start server
10/09/2017 03:33:35 - INFORMATION - thuan - SignIn successfull
10/09/2017 03:33:51 - INFORMATION - thanh - SignIn successfull
10/09/2017 03:34:19 - ERORR - service thuan - null
10/09/2017 03:37:55 - ERORR - service thuan - Connection reset
10/09/2017 03:37:56 - ERORR - service thuan - Connection reset by peer: socket write error
10/09/2017 03:37:57 - ERORR - service thanh - Connection reset
10/09/2017 03:38:12 - INFORMATION - Server - Start server
10/09/2017 03:38:27 - INFORMATION - thuan - SignIn successfull
10/09/2017 03:38:38 - INFORMATION - thanh - SignIn successfull
10/09/2017 03:44:11 - ERORR - service thuan - Connection reset
10/09/2017 03:44:13 - ERORR - service thuan - Connection reset by peer: socket write error
10/09/2017 03:44:13 - ERORR - service thanh - Connection reset
10/09/2017 03:44:14 - ERORR - service thanh - Connection reset by peer: socket write error
10/09/2017 03:44:29 - INFORMATION - Server - Start server
10/09/2017 03:44:43 - INFORMATION - thuan - SignIn successfull
10/09/2017 03:44:58 - INFORMATION - thanh - SignIn successfull
10/09/2017 03:46:53 - ERORR - service thuan - Connection reset
10/09/2017 03:46:53 - ERORR - service thuan - Connection reset by peer: socket write error
10/09/2017 03:46:54 - ERORR - service thanh - Connection reset
10/09/2017 03:46:58 - ERORR - service thanh - Connection reset by peer: socket write error
10/09/2017 03:46:58 - ERORR - service thuan - Connection reset by peer: socket write error
10/09/2017 03:47:03 - ERORR - service thanh - Connection reset by peer: socket write error
10/09/2017 03:47:03 - ERORR - service thuan - Connection reset by peer: socket write error
10/09/2017 03:47:08 - ERORR - service thanh - Connection reset by peer: socket write error
10/09/2017 03:47:08 - ERORR - service thuan - Connection reset by peer: socket write error
10/09/2017 03:47:13 - ERORR - service thanh - Connection reset by peer: socket write error
10/09/2017 03:47:14 - ERORR - service thuan - Connection reset by peer: socket write error
10/09/2017 03:51:58 - INFORMATION - Server - Start server
10/09/2017 03:52:18 - INFORMATION - thuan - SignIn successfull
10/09/2017 03:52:27 - INFORMATION - thanh - SignIn successfull
10/09/2017 03:54:17 - INFORMATION - thuan - Request logout
10/09/2017 03:54:17 - INFORMATION - thuan - Logout successfull
10/09/2017 03:55:13 - INFORMATION - thuan - SignIn successfull
10/09/2017 03:55:20 - INFORMATION - thuan - Request logout
10/09/2017 03:55:20 - INFORMATION - thuan - Logout successfull
10/09/2017 03:55:23 - INFORMATION - thanh - Request logout
10/09/2017 03:55:23 - INFORMATION - thanh - Logout successfull
10/09/2017 03:55:25 - ERORR - service thanh - null
10/09/2017 03:55:26 - ERORR - service thuan - null
10/09/2017 03:55:47 - INFORMATION - thuan - SignIn successfull
10/09/2017 03:55:59 - INFORMATION - thanh - SignIn successfull
10/09/2017 03:56:02 - INFORMATION - thanh - Request logout
10/09/2017 03:56:02 - INFORMATION - thanh - Logout successfull
10/09/2017 03:56:27 - ERORR - service thanh - null
10/09/2017 03:57:05 - INFORMATION - thanh - SignIn successfull
10/09/2017 03:57:09 - INFORMATION - thanh - Request logout
10/09/2017 03:57:09 - INFORMATION - thanh - Logout successfull
10/09/2017 03:57:31 - ERORR - service thanh - null
10/09/2017 03:57:39 - INFORMATION - thuan - Request logout
10/09/2017 03:57:39 - INFORMATION - thuan - Logout successfull
10/09/2017 03:57:41 - ERORR - service thuan - null
10/09/2017 04:00:03 - INFORMATION - thuan - SignIn successfull
10/09/2017 04:00:16 - INFORMATION - thanh - SignIn successfull
10/09/2017 04:00:20 - INFORMATION - thuan - Request logout
10/09/2017 04:00:20 - INFORMATION - thuan - Logout successfull
10/09/2017 04:00:29 - ERORR - service thuan - null
10/09/2017 04:00:46 - INFORMATION - thuan - SignIn successfull
10/09/2017 04:00:57 - INFORMATION - thanh - Request logout
10/09/2017 04:00:57 - INFORMATION - thanh - Logout successfull
10/09/2017 04:01:07 - ERORR - service thanh - null
10/09/2017 04:01:13 - INFORMATION - thuan - Request logout
10/09/2017 04:01:13 - INFORMATION - thuan - Logout successfull
10/09/2017 04:01:14 - ERORR - service thuan - null
10/09/2017 04:04:19 - INFORMATION - Server - Start server
10/09/2017 04:04:44 - INFORMATION - thuan - SignIn successfull
10/09/2017 04:04:57 - INFORMATION - thanh - SignIn successfull
10/09/2017 04:06:43 - ERORR - service thanh - Connection reset
10/09/2017 04:09:16 - INFORMATION - Server - Start server
10/09/2017 04:09:34 - INFORMATION - thuan - SignIn successfull
10/09/2017 04:09:45 - INFORMATION - thanh - SignIn successfull
10/09/2017 04:09:52 - INFORMATION - thuan - Request logout
10/09/2017 04:09:52 - INFORMATION - thuan - Logout successfull
10/09/2017 04:10:11 - ERORR - service thuan - null
10/09/2017 04:10:22 - INFORMATION - thanh - Request logout
10/09/2017 04:10:22 - INFORMATION - thanh - Logout successfull
10/09/2017 04:10:23 - ERORR - service thanh - null
10/09/2017 04:11:50 - INFORMATION - Server - Start server
10/09/2017 04:12:06 - INFORMATION - thanh - SignIn successfull
10/09/2017 04:12:18 - INFORMATION - thuan - SignIn successfull
10/09/2017 04:12:27 - INFORMATION - thanh - Request logout
10/09/2017 04:12:27 - INFORMATION - thanh - Logout successfull
10/09/2017 04:12:43 - ERORR - service thanh - null
10/09/2017 04:12:49 - INFORMATION - thuan - Request logout
10/09/2017 04:12:49 - INFORMATION - thuan - Logout successfull
10/09/2017 04:12:50 - ERORR - service thuan - null
10/09/2017 04:17:35 - INFORMATION - Server - Start server
10/09/2017 04:17:52 - INFORMATION - thuan - SignIn successfull
10/09/2017 04:18:06 - INFORMATION - thanh - SignIn successfull
10/09/2017 04:18:10 - INFORMATION - thuan - Request logout
10/09/2017 04:18:10 - INFORMATION - thuan - Logout successfull
10/09/2017 04:19:35 - ERORR - service thuan - null
10/09/2017 04:19:38 - INFORMATION - thanh - Request logout
10/09/2017 04:19:38 - INFORMATION - thanh - Logout successfull
10/09/2017 04:19:39 - ERORR - service thanh - null
10/09/2017 04:19:54 - INFORMATION - Server - Start server
10/09/2017 04:20:10 - INFORMATION - thuan - SignIn successfull
10/09/2017 04:20:21 - INFORMATION - thanh - SignIn successfull
10/09/2017 04:20:34 - INFORMATION - thanh - Request logout
10/09/2017 04:20:34 - INFORMATION - thanh - Logout successfull
10/09/2017 04:21:20 - ERORR - service thanh - Connection reset
10/09/2017 04:21:21 - ERORR - service thuan - Connection reset
10/09/2017 04:21:56 - INFORMATION - Server - Start server
10/09/2017 04:22:07 - INFORMATION - thanh - SignIn successfull
10/09/2017 04:22:23 - INFORMATION - thuan - SignIn successfull
10/09/2017 04:22:32 - INFORMATION - thanh - Request logout
10/09/2017 04:22:33 - INFORMATION - thanh - Logout successfull
10/09/2017 04:22:45 - INFORMATION - thanh - SignIn successfull
10/09/2017 04:24:01 - INFORMATION - thuan - Request logout
10/09/2017 04:24:01 - INFORMATION - thuan - Logout successfull
10/09/2017 04:24:11 - INFORMATION - thanh - Request logout
10/09/2017 04:24:11 - INFORMATION - thanh - Logout successfull
10/09/2017 12:52:57 - INFORMATION - Server - Start server
10/09/2017 12:53:16 - INFORMATION - thuan - SignIn fail
10/09/2017 12:53:20 - INFORMATION - thuan - SignIn fail
10/09/2017 12:53:24 - INFORMATION - thuan - SignIn fail
10/09/2017 12:53:31 - INFORMATION - thuan - SignIn fail
10/09/2017 12:53:33 - INFORMATION - thuan - SignIn fail
10/09/2017 12:53:35 - INFORMATION - thuan - SignIn fail
10/09/2017 12:53:38 - INFORMATION - thuan - SignIn fail
10/09/2017 12:54:34 - INFORMATION - thuan - SignIn fail
10/09/2017 12:54:37 - ERORR - service - null
10/09/2017 12:55:49 - INFORMATION - Server - Start server
10/09/2017 12:56:12 - INFORMATION - thuan - SignIn fail
10/09/2017 12:56:15 - INFORMATION - thuan - SignIn successfull
10/09/2017 12:56:33 - INFORMATION - thuan - SignIn fail
10/09/2017 12:56:50 - INFORMATION - thanh - SignIn successfull
10/09/2017 12:57:13 - INFORMATION - thanh - Request logout
10/09/2017 12:57:13 - INFORMATION - thanh - Logout successfull
10/09/2017 12:57:14 - ERORR - service - null
10/09/2017 12:57:20 - INFORMATION - thuan - Request logout
10/09/2017 12:57:20 - INFORMATION - thuan - Logout successfull
10/09/2017 12:57:21 - ERORR - service - null
10/09/2017 13:10:32 - INFORMATION - Server - Start server
10/09/2017 13:13:50 - INFORMATION - Server - Start server
10/09/2017 13:16:05 - INFORMATION - tran - Register successfull
10/09/2017 13:16:07 - INFORMATION - tran - Register fail
10/09/2017 13:16:21 - INFORMATION - tran - SignIn successfull
10/09/2017 13:16:47 - INFORMATION - thuan - SignIn successfull
10/09/2017 13:17:01 - INFORMATION - thuan - Request logout
10/09/2017 13:17:01 - INFORMATION - thuan - Logout successfull
10/09/2017 13:17:03 - ERORR - service - null
10/09/2017 13:17:04 - INFORMATION - tran - Request logout
10/09/2017 13:17:04 - INFORMATION - tran - Logout successfull
10/09/2017 13:17:06 - ERORR - service - null
10/09/2017 13:22:27 - INFORMATION - Server - Start server
10/09/2017 13:22:33 - INFORMATION - thuan - SignIn successfull
10/09/2017 13:23:20 - INFORMATION - thanh - SignIn successfull
10/09/2017 13:23:48 - ERORR - service thanh - Connection refused: connect
10/09/2017 13:23:49 - INFORMATION - thuan - Request logout
10/09/2017 13:23:49 - INFORMATION - thuan - Logout successfull
10/09/2017 13:24:00 - INFORMATION - thuan - SignIn fail
10/09/2017 13:24:07 - INFORMATION - thuan - SignIn fail
10/09/2017 13:24:12 - INFORMATION - thuan - SignIn fail
10/09/2017 13:24:30 - INFORMATION - thuan - SignIn fail
10/09/2017 13:24:31 - INFORMATION - thuan - SignIn fail
10/09/2017 13:24:34 - ERORR - service - null
10/09/2017 13:25:13 - INFORMATION - thanh - SignIn fail
10/09/2017 13:25:19 - INFORMATION - thuan - SignIn fail
10/09/2017 13:25:29 - INFORMATION - thuan - SignIn fail
10/09/2017 13:25:38 - INFORMATION - tran - SignIn successfull
10/09/2017 13:26:11 - INFORMATION - tran - Request logout
10/09/2017 13:26:11 - INFORMATION - tran - Logout successfull
10/09/2017 13:26:12 - ERORR - service - null
10/09/2017 13:26:17 - INFORMATION - thanh - Request logout
10/09/2017 13:26:17 - INFORMATION - thanh - Logout successfull
10/09/2017 13:26:18 - ERORR - service - Connection reset
10/09/2017 16:06:29 - INFORMATION - Server - Start server
